2024-08-07 16:29:14 info: Connected to MongoDB Server
2024-08-07 16:29:14 info: Server is running on port 3000
2024-08-07 16:29:34 info: Post created: 66b376befbccdf7baf36dc93
2024-08-07 16:29:59 info: User logged in: 66b25d4e5fc83de643514a29
2024-08-07 16:30:06 warn: Login attempt with invalid email: shosha
2024-08-07 16:30:06 error: Login error: Invalid email or password
2024-08-07 16:30:06 error: Error: Invalid email or password
2024-08-07 16:30:17 info: User logged in: 66b25d4e5fc83de643514a29
2024-08-07 16:30:32 error: Error: Invalid Token, please login again
2024-08-07 17:13:04 info: Connected to MongoDB Server
2024-08-07 17:13:04 info: Server is running on port 3000
2024-08-07 17:13:19 warn: Validation error: Invalid email format, Password must be at least 8 characters long
2024-08-07 17:13:19 error: Error: Invalid email format, Password must be at least 8 characters long
2024-08-07 17:13:27 warn: Validation error: Invalid email format
2024-08-07 17:13:27 error: Error: Invalid email format
2024-08-07 17:13:35 info: New user created: 66b3810fd9e14b7e7a072a74
2024-08-07 17:14:02 warn: Validation error: "role" is not allowed
2024-08-07 17:14:02 error: Error: "role" is not allowed
2024-08-07 17:14:07 error: Error: Expected double-quoted property name in JSON at position 65
2024-08-07 17:14:10 info: New user created: 66b38132d9e14b7e7a072a77
2024-08-07 17:14:29 warn: Validation error: Title is required
2024-08-07 17:14:29 error: Error: Title is required
2024-08-07 17:14:41 warn: Validation error: Title is required
2024-08-07 17:14:41 error: Error: Title is required
2024-08-07 17:15:15 error: Error: Cannot read properties of undefined (reading 'images')
2024-08-07 17:22:13 info: Connected to MongoDB Server
2024-08-07 17:22:13 info: Server is running on port 3000
2024-08-07 17:22:37 error: Error: Cannot read properties of undefined (reading 'images')
2024-08-07 17:26:08 info: Connected to MongoDB Server
2024-08-07 17:26:08 info: Server is running on port 3000
2024-08-07 17:26:28 info: Connected to MongoDB Server
2024-08-07 17:26:28 info: Server is running on port 3000
2024-08-07 17:27:10 info: Connected to MongoDB Server
2024-08-07 17:27:10 info: Server is running on port 3000
2024-08-07 17:27:12 error: Unknown error: Cannot read properties of undefined (reading 'images')
2024-08-07 17:28:04 info: Connected to MongoDB Server
2024-08-07 17:28:04 info: Server is running on port 3000
2024-08-07 17:28:06 error: Unknown error: Cannot read properties of undefined (reading 'images')
2024-08-07 17:28:14 info: Connected to MongoDB Server
2024-08-07 17:28:14 info: Server is running on port 3000
2024-08-07 17:28:49 info: Connected to MongoDB Server
2024-08-07 17:28:49 info: Server is running on port 3000
2024-08-07 17:28:51 error: Unknown error: Cannot read properties of undefined (reading 'images')
2024-08-07 17:28:59 info: Connected to MongoDB Server
2024-08-07 17:28:59 info: Server is running on port 3000
2024-08-07 17:29:02 error: Unknown error: Cannot read properties of undefined (reading 'images')
2024-08-07 17:30:01 info: Connected to MongoDB Server
2024-08-07 17:30:01 info: Server is running on port 3000
2024-08-07 17:30:07 error: Unknown error: Cannot read properties of undefined (reading 'images')
2024-08-07 17:34:16 info: Connected to MongoDB Server
2024-08-07 17:34:16 info: Server is running on port 3000
2024-08-07 17:34:19 error: Unknown error: Cannot read properties of undefined (reading 'images')
2024-08-07 17:34:57 info: Connected to MongoDB Server
2024-08-07 17:34:57 info: Server is running on port 3000
2024-08-07 17:35:02 error: Unknown error: Cannot read properties of undefined (reading 'images')
2024-08-07 17:35:31 info: Connected to MongoDB Server
2024-08-07 17:35:31 info: Server is running on port 3000
2024-08-07 17:35:35 error: Unknown error: Cannot read properties of undefined (reading 'images')
2024-08-07 17:36:23 info: Connected to MongoDB Server
2024-08-07 17:36:23 info: Server is running on port 3000
2024-08-07 17:36:26 error: Unknown error: Cannot read properties of undefined (reading 'images')
2024-08-07 17:38:36 info: Connected to MongoDB Server
2024-08-07 17:38:36 info: Server is running on port 3000
2024-08-07 17:38:38 error: Unknown error: Cannot read properties of undefined (reading 'images')
2024-08-07 17:38:54 info: Connected to MongoDB Server
2024-08-07 17:38:54 info: Server is running on port 3000
2024-08-07 17:42:45 info: Connected to MongoDB Server
2024-08-07 17:42:45 info: Server is running on port 3000
2024-08-07 17:42:49 error: Unknown error: Cannot read properties of undefined (reading 'images')
2024-08-07 17:42:59 error: Error creating post: req.files.map is not a function
2024-08-07 17:42:59 error: AppError: req.files.map is not a function
2024-08-07 17:43:20 info: Connected to MongoDB Server
2024-08-07 17:43:20 info: Server is running on port 3000
2024-08-07 17:43:23 error: Error creating post: req.files?.map is not a function
2024-08-07 17:43:23 error: AppError: req.files?.map is not a function
2024-08-07 17:44:08 info: Connected to MongoDB Server
2024-08-07 17:44:08 info: Server is running on port 3000
2024-08-07 17:44:45 info: Connected to MongoDB Server
2024-08-07 17:44:45 info: Server is running on port 3000
2024-08-07 17:44:48 info: Post created: 66b388606168228390255061
2024-08-07 17:44:58 info: Connected to MongoDB Server
2024-08-07 17:44:58 info: Server is running on port 3000
2024-08-07 17:45:00 warn: Validation error: Title is required
2024-08-07 17:45:00 error: AppError: Title is required
2024-08-07 17:46:49 info: Connected to MongoDB Server
2024-08-07 17:46:49 info: Server is running on port 3000
2024-08-07 17:46:53 warn: Validation error: Title is required
2024-08-07 17:46:53 error: AppError: Title is required
2024-08-07 17:47:07 info: Connected to MongoDB Server
2024-08-07 17:47:07 info: Server is running on port 3000
2024-08-07 17:47:11 error: Error creating post: E11000 duplicate key error collection: posts.posts index: title_1 dup key: { title: "blablajjjxdsssss" }
2024-08-07 17:47:11 error: AppError: E11000 duplicate key error collection: posts.posts index: title_1 dup key: { title: "blablajjjxdsssss" }
2024-08-07 17:47:16 info: Post created: 66b388f44c87897c3d2d216b
2024-08-07 17:50:12 info: Connected to MongoDB Server
2024-08-07 17:50:12 info: Server is running on port 3000
2024-08-07 17:50:21 info: Connected to MongoDB Server
2024-08-07 17:50:21 info: Server is running on port 3000
2024-08-07 17:50:37 info: Connected to MongoDB Server
2024-08-07 17:50:37 info: Server is running on port 3000
2024-08-07 17:51:11 info: Connected to MongoDB Server
2024-08-07 17:51:11 info: Server is running on port 3000
2024-08-07 17:52:06 info: Connected to MongoDB Server
2024-08-07 17:52:06 info: Server is running on port 3000
2024-08-07 17:52:12 info: Connected to MongoDB Server
2024-08-07 17:52:12 info: Server is running on port 3000
2024-08-07 17:52:26 info: Connected to MongoDB Server
2024-08-07 17:52:26 info: Server is running on port 3000
2024-08-07 17:53:39 info: Connected to MongoDB Server
2024-08-07 17:53:39 info: Server is running on port 3000
2024-08-07 17:53:41 error: Error creating post: E11000 duplicate key error collection: posts.posts index: title_1 dup key: { title: "blablajjjxdsssssd" }
2024-08-07 17:53:41 error: AppError: Error creating post
2024-08-07 17:53:48 info: Post created: 66b38a7c6e33fd55e9b42e2e
2024-08-07 17:53:56 info: Post created: 66b38a846e33fd55e9b42e31
2024-08-07 17:54:48 info: Connected to MongoDB Server
2024-08-07 17:54:48 info: Server is running on port 3000
2024-08-07 17:55:24 info: Post created: 66b38adc2a3993e458b6d574
2024-08-07 17:57:27 info: Connected to MongoDB Server
2024-08-07 17:57:27 info: Server is running on port 3000
2024-08-07 17:57:30 error: Error creating post: E11000 duplicate key error collection: posts.posts index: title_1 dup key: { title: "blablajjjxdsssssdssssss" }
2024-08-07 17:57:30 error: AppError: Error creating post
2024-08-07 17:57:36 info: Post created: 66b38b607cece1f847d0a58e
2024-08-07 18:00:22 info: Image uploaded and resized: api-1723042822023-1.jpeg
2024-08-07 18:00:22 info: Successfully deleted file C:\Users\ydrad\OneDrive\Desktop\iti\Node\node day3\lab\public\img\api-1723042822023-1.jpeg
2024-08-07 18:02:51 info: Connected to MongoDB Server
2024-08-07 18:02:51 info: Server is running on port 3000
2024-08-07 18:03:00 info: Post created: 66b38ca4daf549612ad21486
2024-08-07 18:03:05 error: Error creating post: E11000 duplicate key error collection: posts.posts index: title_1 dup key: { title: "blablajjjxdsssssdssssssssxx" }
2024-08-07 18:03:05 error: AppError: Error creating post
2024-08-07 18:03:09 info: Post created: 66b38caddaf549612ad2148c
2024-08-07 18:05:40 info: Connected to MongoDB Server
2024-08-07 18:05:40 info: Server is running on port 3000
2024-08-07 18:05:44 error: Error creating post: Post validation failed: images.0: Cast to [string] failed for value "[\n' +
  '  {\n' +
  "    fieldname: 'images',\n" +
  "    originalname: 'Screenshot 2024-07-20 110508.png',\n" +
  "    encoding: '7bit',\n" +
  "    mimetype: 'image/png',\n" +
  '    buffer: <Buffer 89 50 4e 47 0d 0a 1a 0a 00 00 00 0d 49 48 44 52 00 00 02 80 00 00 01 f3 08 06 00 00 00 b0 93 ac d1 00 00 00 01 73 52 47 42 00 ae ce 1c e9 00 00 00 04 ... 17933 more bytes>,\n' +
  '    size: 17983\n' +
  '  },\n' +
  '  {\n' +
  "    fieldname: 'images',\n" +
  "    originalname: 'Screenshot 2024-07-21 134426.png',\n" +
  "    encoding: '7bit',\n" +
  "    mimetype: 'image/png',\n" +
  '    buffer: <Buffer 89 50 4e 47 0d 0a 1a 0a 00 00 00 0d 49 48 44 52 00 00 00 bf 00 00 00 bf 08 06 00 00 00 af ea 0d 06 00 00 00 01 73 52 47 42 00 ae ce 1c e9 00 00 00 04 ... 6234 more bytes>,\n' +
  '    size: 6284\n' +
  '  }\n' +
  ']" (type string) at path "images.0" because of "CastError"
2024-08-07 18:05:44 error: AppError: Error creating post
2024-08-07 18:05:51 error: Error creating post: Post validation failed: images.0: Cast to [string] failed for value "[\n' +
  '  {\n' +
  "    fieldname: 'images',\n" +
  "    originalname: 'Screenshot 2024-07-20 110508.png',\n" +
  "    encoding: '7bit',\n" +
  "    mimetype: 'image/png',\n" +
  '    buffer: <Buffer 89 50 4e 47 0d 0a 1a 0a 00 00 00 0d 49 48 44 52 00 00 02 80 00 00 01 f3 08 06 00 00 00 b0 93 ac d1 00 00 00 01 73 52 47 42 00 ae ce 1c e9 00 00 00 04 ... 17933 more bytes>,\n' +
  '    size: 17983\n' +
  '  },\n' +
  '  {\n' +
  "    fieldname: 'images',\n" +
  "    originalname: 'Screenshot 2024-07-21 134426.png',\n" +
  "    encoding: '7bit',\n" +
  "    mimetype: 'image/png',\n" +
  '    buffer: <Buffer 89 50 4e 47 0d 0a 1a 0a 00 00 00 0d 49 48 44 52 00 00 00 bf 00 00 00 bf 08 06 00 00 00 af ea 0d 06 00 00 00 01 73 52 47 42 00 ae ce 1c e9 00 00 00 04 ... 6234 more bytes>,\n' +
  '    size: 6284\n' +
  '  }\n' +
  ']" (type string) at path "images.0" because of "CastError"
2024-08-07 18:05:51 error: AppError: Error creating post
2024-08-07 18:07:15 info: Connected to MongoDB Server
2024-08-07 18:07:15 info: Server is running on port 3000
2024-08-07 18:07:22 error: Error creating post: Post validation failed: images.0: Cast to [string] failed for value "[\n' +
  '  {\n' +
  "    fieldname: 'images',\n" +
  "    originalname: 'Screenshot 2024-07-20 110508.png',\n" +
  "    encoding: '7bit',\n" +
  "    mimetype: 'image/png',\n" +
  '    buffer: <Buffer 89 50 4e 47 0d 0a 1a 0a 00 00 00 0d 49 48 44 52 00 00 02 80 00 00 01 f3 08 06 00 00 00 b0 93 ac d1 00 00 00 01 73 52 47 42 00 ae ce 1c e9 00 00 00 04 ... 17933 more bytes>,\n' +
  '    size: 17983\n' +
  '  },\n' +
  '  {\n' +
  "    fieldname: 'images',\n" +
  "    originalname: 'Screenshot 2024-07-21 134426.png',\n" +
  "    encoding: '7bit',\n" +
  "    mimetype: 'image/png',\n" +
  '    buffer: <Buffer 89 50 4e 47 0d 0a 1a 0a 00 00 00 0d 49 48 44 52 00 00 00 bf 00 00 00 bf 08 06 00 00 00 af ea 0d 06 00 00 00 01 73 52 47 42 00 ae ce 1c e9 00 00 00 04 ... 6234 more bytes>,\n' +
  '    size: 6284\n' +
  '  }\n' +
  ']" (type string) at path "images.0" because of "CastError"
2024-08-07 18:07:22 error: AppError: Error creating post
2024-08-07 18:07:53 info: Connected to MongoDB Server
2024-08-07 18:07:53 info: Server is running on port 3000
2024-08-07 18:08:25 info: Connected to MongoDB Server
2024-08-07 18:08:25 info: Server is running on port 3000
2024-08-07 18:08:30 error: Error creating post: #<Object> is not a function
2024-08-07 18:08:30 error: AppError: Error creating post
2024-08-07 18:10:36 info: Connected to MongoDB Server
2024-08-07 18:10:36 info: Server is running on port 3000
2024-08-07 18:10:39 error: Error creating post: #<Object> is not a function
2024-08-07 18:10:39 error: AppError: Error creating post
2024-08-07 18:10:47 info: Connected to MongoDB Server
2024-08-07 18:10:47 info: Server is running on port 3000
2024-08-07 18:10:49 error: Error creating post: #<Object> is not a function
2024-08-07 18:10:49 error: AppError: Error creating post
2024-08-07 18:11:32 error: Error creating post: req.files.images is not iterable (cannot read property undefined)
2024-08-07 18:11:32 error: AppError: Error creating post
2024-08-07 18:11:37 info: Connected to MongoDB Server
2024-08-07 18:11:37 info: Server is running on port 3000
2024-08-07 18:11:42 error: Error creating post: req.files.images is not iterable (cannot read property undefined)
2024-08-07 18:11:42 error: AppError: Error creating post
2024-08-07 18:12:21 info: Connected to MongoDB Server
2024-08-07 18:12:21 info: Server is running on port 3000
2024-08-07 18:12:25 info: Post created: 66b38ed9486be90fb361e480
2024-08-07 18:12:33 error: Error creating post: Post validation failed: images.0: Cast to [string] failed for value "[\n' +
  '  {\n' +
  "    fieldname: 'images',\n" +
  "    originalname: 'Screenshot 2024-07-20 110508.png',\n" +
  "    encoding: '7bit',\n" +
  "    mimetype: 'image/png',\n" +
  '    buffer: <Buffer 89 50 4e 47 0d 0a 1a 0a 00 00 00 0d 49 48 44 52 00 00 02 80 00 00 01 f3 08 06 00 00 00 b0 93 ac d1 00 00 00 01 73 52 47 42 00 ae ce 1c e9 00 00 00 04 ... 17933 more bytes>,\n' +
  '    size: 17983\n' +
  '  },\n' +
  '  {\n' +
  "    fieldname: 'images',\n" +
  "    originalname: 'Screenshot 2024-07-21 134426.png',\n" +
  "    encoding: '7bit',\n" +
  "    mimetype: 'image/png',\n" +
  '    buffer: <Buffer 89 50 4e 47 0d 0a 1a 0a 00 00 00 0d 49 48 44 52 00 00 00 bf 00 00 00 bf 08 06 00 00 00 af ea 0d 06 00 00 00 01 73 52 47 42 00 ae ce 1c e9 00 00 00 04 ... 6234 more bytes>,\n' +
  '    size: 6284\n' +
  '  }\n' +
  ']" (type string) at path "images.0" because of "CastError"
2024-08-07 18:12:33 error: AppError: Error creating post
2024-08-07 18:13:39 info: Connected to MongoDB Server
2024-08-07 18:13:39 info: Server is running on port 3000
2024-08-07 18:13:41 error: Error creating post: Post validation failed: images.0: Cast to [string] failed for value "[\n' +
  '  {\n' +
  "    fieldname: 'images',\n" +
  "    originalname: 'Screenshot 2024-07-20 110508.png',\n" +
  "    encoding: '7bit',\n" +
  "    mimetype: 'image/png',\n" +
  '    buffer: <Buffer 89 50 4e 47 0d 0a 1a 0a 00 00 00 0d 49 48 44 52 00 00 02 80 00 00 01 f3 08 06 00 00 00 b0 93 ac d1 00 00 00 01 73 52 47 42 00 ae ce 1c e9 00 00 00 04 ... 17933 more bytes>,\n' +
  '    size: 17983\n' +
  '  },\n' +
  '  {\n' +
  "    fieldname: 'images',\n" +
  "    originalname: 'Screenshot 2024-07-21 134426.png',\n" +
  "    encoding: '7bit',\n" +
  "    mimetype: 'image/png',\n" +
  '    buffer: <Buffer 89 50 4e 47 0d 0a 1a 0a 00 00 00 0d 49 48 44 52 00 00 00 bf 00 00 00 bf 08 06 00 00 00 af ea 0d 06 00 00 00 01 73 52 47 42 00 ae ce 1c e9 00 00 00 04 ... 6234 more bytes>,\n' +
  '    size: 6284\n' +
  '  }\n' +
  ']" (type string) at path "images.0" because of "CastError"
2024-08-07 18:13:41 error: AppError: Error creating post
2024-08-07 18:14:02 info: Connected to MongoDB Server
2024-08-07 18:14:02 info: Server is running on port 3000
2024-08-07 18:14:20 info: Connected to MongoDB Server
2024-08-07 18:14:20 info: Server is running on port 3000
2024-08-07 18:14:23 error: Validation error: Title is required
2024-08-07 18:14:23 error: AppError: Validation failed: Title is required
2024-08-07 18:14:37 info: Connected to MongoDB Server
2024-08-07 18:14:37 info: Server is running on port 3000
2024-08-07 18:14:53 info: Connected to MongoDB Server
2024-08-07 18:14:53 info: Server is running on port 3000
2024-08-07 18:14:59 info: Post created: 66b38f73b176d2d5a5e361a6
2024-08-07 18:15:05 error: Error creating post: Post validation failed: images.0: Cast to [string] failed for value "[\n' +
  '  {\n' +
  "    fieldname: 'images',\n" +
  "    originalname: 'Screenshot 2024-07-20 110508.png',\n" +
  "    encoding: '7bit',\n" +
  "    mimetype: 'image/png',\n" +
  '    buffer: <Buffer 89 50 4e 47 0d 0a 1a 0a 00 00 00 0d 49 48 44 52 00 00 02 80 00 00 01 f3 08 06 00 00 00 b0 93 ac d1 00 00 00 01 73 52 47 42 00 ae ce 1c e9 00 00 00 04 ... 17933 more bytes>,\n' +
  '    size: 17983\n' +
  '  },\n' +
  '  {\n' +
  "    fieldname: 'images',\n" +
  "    originalname: 'Screenshot 2024-07-21 134426.png',\n" +
  "    encoding: '7bit',\n" +
  "    mimetype: 'image/png',\n" +
  '    buffer: <Buffer 89 50 4e 47 0d 0a 1a 0a 00 00 00 0d 49 48 44 52 00 00 00 bf 00 00 00 bf 08 06 00 00 00 af ea 0d 06 00 00 00 01 73 52 47 42 00 ae ce 1c e9 00 00 00 04 ... 6234 more bytes>,\n' +
  '    size: 6284\n' +
  '  }\n' +
  ']" (type string) at path "images.0" because of "CastError"
2024-08-07 18:15:05 error: AppError: Error creating post
2024-08-07 18:15:10 error: Error creating post: Post validation failed: images.0: Cast to [string] failed for value "[\n' +
  '  {\n' +
  "    fieldname: 'images',\n" +
  "    originalname: 'Screenshot 2024-07-20 110508.png',\n" +
  "    encoding: '7bit',\n" +
  "    mimetype: 'image/png',\n" +
  '    buffer: <Buffer 89 50 4e 47 0d 0a 1a 0a 00 00 00 0d 49 48 44 52 00 00 02 80 00 00 01 f3 08 06 00 00 00 b0 93 ac d1 00 00 00 01 73 52 47 42 00 ae ce 1c e9 00 00 00 04 ... 17933 more bytes>,\n' +
  '    size: 17983\n' +
  '  },\n' +
  '  {\n' +
  "    fieldname: 'images',\n" +
  "    originalname: 'Screenshot 2024-07-21 134426.png',\n" +
  "    encoding: '7bit',\n" +
  "    mimetype: 'image/png',\n" +
  '    buffer: <Buffer 89 50 4e 47 0d 0a 1a 0a 00 00 00 0d 49 48 44 52 00 00 00 bf 00 00 00 bf 08 06 00 00 00 af ea 0d 06 00 00 00 01 73 52 47 42 00 ae ce 1c e9 00 00 00 04 ... 6234 more bytes>,\n' +
  '    size: 6284\n' +
  '  }\n' +
  ']" (type string) at path "images.0" because of "CastError"
2024-08-07 18:15:10 error: AppError: Error creating post
2024-08-09 20:36:58 info: Connected to MongoDB Server
2024-08-09 20:36:59 info: Server is running on port 3000
2024-08-09 20:37:44 error: AppError: Invalid Token, please login again
2024-08-09 20:38:14 error: Validation error: Invalid email format
2024-08-09 20:38:14 error: AppError: Validation failed: Invalid email format
2024-08-09 20:47:42 info: User logged in: 66b38132d9e14b7e7a072a77
2024-08-09 20:50:00 error: Error creating post: Post validation failed: images.0: Cast to [string] failed for value "[\n' +
  '  {\n' +
  "    fieldname: 'images',\n" +
  "    originalname: 'Screenshot 2024-07-20 110508.png',\n" +
  "    encoding: '7bit',\n" +
  "    mimetype: 'image/png',\n" +
  '    buffer: <Buffer 89 50 4e 47 0d 0a 1a 0a 00 00 00 0d 49 48 44 52 00 00 02 80 00 00 01 f3 08 06 00 00 00 b0 93 ac d1 00 00 00 01 73 52 47 42 00 ae ce 1c e9 00 00 00 04 ... 17933 more bytes>,\n' +
  '    size: 17983\n' +
  '  },\n' +
  '  {\n' +
  "    fieldname: 'images',\n" +
  "    originalname: 'Screenshot 2024-07-21 134426.png',\n" +
  "    encoding: '7bit',\n" +
  "    mimetype: 'image/png',\n" +
  '    buffer: <Buffer 89 50 4e 47 0d 0a 1a 0a 00 00 00 0d 49 48 44 52 00 00 00 bf 00 00 00 bf 08 06 00 00 00 af ea 0d 06 00 00 00 01 73 52 47 42 00 ae ce 1c e9 00 00 00 04 ... 6234 more bytes>,\n' +
  '    size: 6284\n' +
  '  }\n' +
  ']" (type string) at path "images.0" because of "CastError"
2024-08-09 20:50:00 error: AppError: Error creating post
2024-08-09 20:56:19 info: Connected to MongoDB Server
2024-08-09 20:56:19 info: Server is running on port 3000
2024-08-09 20:56:27 error: Error creating post: Post validation failed: images.0: Cast to [string] failed for value "[\n' +
  '  {\n' +
  "    fieldname: 'images',\n" +
  "    originalname: 'Screenshot 2024-07-20 110508.png',\n" +
  "    encoding: '7bit',\n" +
  "    mimetype: 'image/png',\n" +
  '    buffer: <Buffer 89 50 4e 47 0d 0a 1a 0a 00 00 00 0d 49 48 44 52 00 00 02 80 00 00 01 f3 08 06 00 00 00 b0 93 ac d1 00 00 00 01 73 52 47 42 00 ae ce 1c e9 00 00 00 04 ... 17933 more bytes>,\n' +
  '    size: 17983\n' +
  '  },\n' +
  '  {\n' +
  "    fieldname: 'images',\n" +
  "    originalname: 'Screenshot 2024-07-21 134426.png',\n" +
  "    encoding: '7bit',\n" +
  "    mimetype: 'image/png',\n" +
  '    buffer: <Buffer 89 50 4e 47 0d 0a 1a 0a 00 00 00 0d 49 48 44 52 00 00 00 bf 00 00 00 bf 08 06 00 00 00 af ea 0d 06 00 00 00 01 73 52 47 42 00 ae ce 1c e9 00 00 00 04 ... 6234 more bytes>,\n' +
  '    size: 6284\n' +
  '  }\n' +
  ']" (type string) at path "images.0" because of "CastError"
2024-08-09 20:56:27 error: AppError: Error creating post
2024-08-09 20:57:17 info: Connected to MongoDB Server
2024-08-09 20:57:17 info: Server is running on port 3000
2024-08-09 20:57:19 error: Error creating post: Post validation failed: images.0: Cast to [string] failed for value "[\n' +
  '  {\n' +
  "    fieldname: 'images',\n" +
  "    originalname: 'Screenshot 2024-07-20 110508.png',\n" +
  "    encoding: '7bit',\n" +
  "    mimetype: 'image/png',\n" +
  '    buffer: <Buffer 89 50 4e 47 0d 0a 1a 0a 00 00 00 0d 49 48 44 52 00 00 02 80 00 00 01 f3 08 06 00 00 00 b0 93 ac d1 00 00 00 01 73 52 47 42 00 ae ce 1c e9 00 00 00 04 ... 17933 more bytes>,\n' +
  '    size: 17983\n' +
  '  },\n' +
  '  {\n' +
  "    fieldname: 'images',\n" +
  "    originalname: 'Screenshot 2024-07-21 134426.png',\n" +
  "    encoding: '7bit',\n" +
  "    mimetype: 'image/png',\n" +
  '    buffer: <Buffer 89 50 4e 47 0d 0a 1a 0a 00 00 00 0d 49 48 44 52 00 00 00 bf 00 00 00 bf 08 06 00 00 00 af ea 0d 06 00 00 00 01 73 52 47 42 00 ae ce 1c e9 00 00 00 04 ... 6234 more bytes>,\n' +
  '    size: 6284\n' +
  '  }\n' +
  ']" (type string) at path "images.0" because of "CastError"
2024-08-09 20:57:19 error: AppError: Error creating post
2024-08-09 20:57:41 info: Connected to MongoDB Server
2024-08-09 20:57:41 info: Server is running on port 3000
2024-08-09 20:57:44 error: Error creating post: Post validation failed: images.0: Cast to [string] failed for value "[\n' +
  '  {\n' +
  "    fieldname: 'images',\n" +
  "    originalname: 'Screenshot 2024-07-20 110508.png',\n" +
  "    encoding: '7bit',\n" +
  "    mimetype: 'image/png',\n" +
  '    buffer: <Buffer 89 50 4e 47 0d 0a 1a 0a 00 00 00 0d 49 48 44 52 00 00 02 80 00 00 01 f3 08 06 00 00 00 b0 93 ac d1 00 00 00 01 73 52 47 42 00 ae ce 1c e9 00 00 00 04 ... 17933 more bytes>,\n' +
  '    size: 17983\n' +
  '  },\n' +
  '  {\n' +
  "    fieldname: 'images',\n" +
  "    originalname: 'Screenshot 2024-07-21 134426.png',\n" +
  "    encoding: '7bit',\n" +
  "    mimetype: 'image/png',\n" +
  '    buffer: <Buffer 89 50 4e 47 0d 0a 1a 0a 00 00 00 0d 49 48 44 52 00 00 00 bf 00 00 00 bf 08 06 00 00 00 af ea 0d 06 00 00 00 01 73 52 47 42 00 ae ce 1c e9 00 00 00 04 ... 6234 more bytes>,\n' +
  '    size: 6284\n' +
  '  }\n' +
  ']" (type string) at path "images.0" because of "CastError"
2024-08-09 20:57:44 error: AppError: Error creating post
2024-08-09 20:59:02 info: Connected to MongoDB Server
2024-08-09 20:59:02 info: Server is running on port 3000
2024-08-09 21:00:02 info: Connected to MongoDB Server
2024-08-09 21:00:02 info: Server is running on port 3000
2024-08-09 21:00:05 info: Post created: 66b659252923823341382342
2024-08-09 21:01:02 info: Connected to MongoDB Server
2024-08-09 21:01:02 info: Server is running on port 3000
2024-08-09 21:02:55 info: Connected to MongoDB Server
2024-08-09 21:02:55 info: Server is running on port 3000
2024-08-09 21:03:02 error: Validation error: Title is required
2024-08-09 21:03:02 error: AppError: Validation failed: Title is required
2024-08-09 21:03:35 info: Connected to MongoDB Server
2024-08-09 21:03:35 info: Server is running on port 3000
2024-08-09 21:03:39 error: Validation error: Title is required
2024-08-09 21:03:39 error: AppError: Validation failed: Title is required
2024-08-09 21:03:56 error: Validation error: Title is required
2024-08-09 21:03:56 error: AppError: Validation failed: Title is required
2024-08-09 21:04:19 info: Connected to MongoDB Server
2024-08-09 21:04:19 info: Server is running on port 3000
2024-08-09 21:04:21 info: Post created: 66b65a2553b5690b6283edb6
